2022-09-21 13:12:29.262  INFO 15180 --- [restartedMain] com.tweetapp.api.TweetApplication        : Starting TweetApplication using Java 1.8.0_161 on DESKTOP-QJPS5D7 with PID 15180 (C:\Users\Hp\Downloads\TweetApp-Backend-main\TweetApp-Backend-main\target\classes started by Hp in C:\Users\Hp\Downloads\TweetApp-Backend-main\TweetApp-Backend-main)
2022-09-21 13:12:29.310 DEBUG 15180 --- [restartedMain] com.tweetapp.api.TweetApplication        : Running with Spring Boot v2.4.5, Spring v5.3.6
2022-09-21 13:12:29.317  INFO 15180 --- [restartedMain] com.tweetapp.api.TweetApplication        : The following profiles are active: prod
2022-09-21 13:12:30.251  INFO 15180 --- [restartedMain] .e.DevToolsPropertyDefaultsPostProcessor : Devtools property defaults active! Set 'spring.devtools.add-properties' to 'false' to disable
2022-09-21 13:12:30.253  INFO 15180 --- [restartedMain] .e.DevToolsPropertyDefaultsPostProcessor : For additional web related logging consider setting the 'logging.level.web' property to 'DEBUG'
2022-09-21 13:12:40.627  INFO 15180 --- [restartedMain] .s.d.r.c.RepositoryConfigurationDelegate : Bootstrapping Spring Data MongoDB repositories in DEFAULT mode.
2022-09-21 13:12:41.076  INFO 15180 --- [restartedMain] .s.d.r.c.RepositoryConfigurationDelegate : Finished Spring Data repository scanning in 399 ms. Found 2 MongoDB repository interfaces.
2022-09-21 13:12:46.902  INFO 15180 --- [restartedMain] o.s.b.w.embedded.tomcat.TomcatWebServer  : Tomcat initialized with port(s): 8090 (http)
2022-09-21 13:12:47.009  INFO 15180 --- [restartedMain] o.apache.catalina.core.StandardService   : Starting service [Tomcat]
2022-09-21 13:12:47.011  INFO 15180 --- [restartedMain] org.apache.catalina.core.StandardEngine  : Starting Servlet engine: [Apache Tomcat/9.0.45]
2022-09-21 13:12:47.939  INFO 15180 --- [restartedMain] o.a.c.c.C.[Tomcat].[localhost].[/]       : Initializing Spring embedded WebApplicationContext
2022-09-21 13:12:47.941  INFO 15180 --- [restartedMain] w.s.c.ServletWebServerApplicationContext : Root WebApplicationContext: initialization completed in 17684 ms
2022-09-21 13:12:49.839 DEBUG 15180 --- [restartedMain] TFilter$$EnhancerBySpringCGLIB$$68a69eb5 : Filter 'JWTFilter' configured for use
2022-09-21 13:12:51.058  INFO 15180 --- [restartedMain] org.mongodb.driver.cluster               : Cluster created with settings {hosts=[hackfse-tweetapp.mongo.cosmos.azure.com:10255], mode=MULTIPLE, requiredClusterType=REPLICA_SET, serverSelectionTimeout='30000 ms', requiredReplicaSetName='globaldb'}
2022-09-21 13:12:51.060  INFO 15180 --- [restartedMain] org.mongodb.driver.cluster               : Adding discovered server hackfse-tweetapp.mongo.cosmos.azure.com:10255 to client view of cluster
2022-09-21 13:12:52.997  INFO 15180 --- [restartedMain] o.s.b.d.a.OptionalLiveReloadServer       : LiveReload server is running on port 35729
2022-09-21 13:12:57.655  INFO 15180 --- [cluster-ClusterId{value='632ac07afc9b1500229ce1d1', description='null'}-hackfse-tweetapp.mongo.cosmos.azure.com:10255] org.mongodb.driver.connection            : Opened connection [connectionId{localValue:2, serverValue:888533260}] to hackfse-tweetapp.mongo.cosmos.azure.com:10255
2022-09-21 13:12:57.667  INFO 15180 --- [cluster-ClusterId{value='632ac07afc9b1500229ce1d1', description='null'}-hackfse-tweetapp.mongo.cosmos.azure.com:10255] org.mongodb.driver.cluster               : Monitor thread successfully connected to server with description ServerDescription{address=hackfse-tweetapp.mongo.cosmos.azure.com:10255, type=REPLICA_SET_PRIMARY, state=CONNECTED, ok=true, minWireVersion=0, maxWireVersion=7, maxDocumentSize=16777216, logicalSessionTimeoutMinutes=30, roundTripTimeNanos=2154313800, setName='globaldb', canonicalAddress=hackfse-tweetapp-centralus.mongo.cosmos.azure.com:10255, hosts=[hackfse-tweetapp-centralus.mongo.cosmos.azure.com:10255], passives=[], arbiters=[], primary='hackfse-tweetapp-centralus.mongo.cosmos.azure.com:10255', tagSet=TagSet{[Tag{name='region', value='Central US'}]}, electionId=null, setVersion=1, topologyVersion=null, lastWriteDate=null, lastUpdateTimeNanos=76105973287500}
2022-09-21 13:12:57.656  INFO 15180 --- [cluster-rtt-ClusterId{value='632ac07afc9b1500229ce1d1', description='null'}-hackfse-tweetapp.mongo.cosmos.azure.com:10255] org.mongodb.driver.connection            : Opened connection [connectionId{localValue:1, serverValue:1126661230}] to hackfse-tweetapp.mongo.cosmos.azure.com:10255
2022-09-21 13:12:57.680  INFO 15180 --- [cluster-ClusterId{value='632ac07afc9b1500229ce1d1', description='null'}-hackfse-tweetapp.mongo.cosmos.azure.com:10255] org.mongodb.driver.cluster               : Adding discovered server hackfse-tweetapp-centralus.mongo.cosmos.azure.com:10255 to client view of cluster
2022-09-21 13:12:57.704  INFO 15180 --- [cluster-ClusterId{value='632ac07afc9b1500229ce1d1', description='null'}-hackfse-tweetapp.mongo.cosmos.azure.com:10255] org.mongodb.driver.cluster               : Server hackfse-tweetapp.mongo.cosmos.azure.com:10255 is no longer a member of the replica set.  Removing from client view of cluster.
2022-09-21 13:12:57.733  INFO 15180 --- [cluster-ClusterId{value='632ac07afc9b1500229ce1d1', description='null'}-hackfse-tweetapp.mongo.cosmos.azure.com:10255] org.mongodb.driver.cluster               : Setting max set version to 1 from replica set primary hackfse-tweetapp.mongo.cosmos.azure.com:10255
2022-09-21 13:12:57.734  INFO 15180 --- [cluster-ClusterId{value='632ac07afc9b1500229ce1d1', description='null'}-hackfse-tweetapp.mongo.cosmos.azure.com:10255] org.mongodb.driver.cluster               : Discovered replica set primary hackfse-tweetapp.mongo.cosmos.azure.com:10255
2022-09-21 13:12:59.140  INFO 15180 --- [cluster-ClusterId{value='632ac07afc9b1500229ce1d1', description='null'}-hackfse-tweetapp-centralus.mongo.cosmos.azure.com:10255] org.mongodb.driver.connection            : Opened connection [connectionId{localValue:4, serverValue:1794201126}] to hackfse-tweetapp-centralus.mongo.cosmos.azure.com:10255
2022-09-21 13:12:59.142  INFO 15180 --- [cluster-ClusterId{value='632ac07afc9b1500229ce1d1', description='null'}-hackfse-tweetapp-centralus.mongo.cosmos.azure.com:10255] org.mongodb.driver.cluster               : Monitor thread successfully connected to server with description ServerDescription{address=hackfse-tweetapp-centralus.mongo.cosmos.azure.com:10255, type=REPLICA_SET_PRIMARY, state=CONNECTED, ok=true, minWireVersion=0, maxWireVersion=7, maxDocumentSize=16777216, logicalSessionTimeoutMinutes=30, roundTripTimeNanos=1031832900, setName='globaldb', canonicalAddress=hackfse-tweetapp-centralus.mongo.cosmos.azure.com:10255, hosts=[hackfse-tweetapp-centralus.mongo.cosmos.azure.com:10255], passives=[], arbiters=[], primary='hackfse-tweetapp-centralus.mongo.cosmos.azure.com:10255', tagSet=TagSet{[Tag{name='region', value='Central US'}]}, electionId=null, setVersion=1, topologyVersion=null, lastWriteDate=null, lastUpdateTimeNanos=76107466368800}
2022-09-21 13:12:59.144  INFO 15180 --- [cluster-ClusterId{value='632ac07afc9b1500229ce1d1', description='null'}-hackfse-tweetapp-centralus.mongo.cosmos.azure.com:10255] org.mongodb.driver.cluster               : Discovered replica set primary hackfse-tweetapp-centralus.mongo.cosmos.azure.com:10255
2022-09-21 13:12:59.150  INFO 15180 --- [cluster-rtt-ClusterId{value='632ac07afc9b1500229ce1d1', description='null'}-hackfse-tweetapp-centralus.mongo.cosmos.azure.com:10255] org.mongodb.driver.connection            : Opened connection [connectionId{localValue:3, serverValue:1552874845}] to hackfse-tweetapp-centralus.mongo.cosmos.azure.com:10255
2022-09-21 13:13:00.968  INFO 15180 --- [restartedMain] o.s.b.a.e.web.EndpointLinksResolver      : Exposing 15 endpoint(s) beneath base path '/actuator'
2022-09-21 13:13:02.028  INFO 15180 --- [restartedMain] o.s.s.concurrent.ThreadPoolTaskExecutor  : Initializing ExecutorService 'applicationTaskExecutor'
2022-09-21 13:13:04.439  INFO 15180 --- [restartedMain] o.a.k.clients.consumer.ConsumerConfig    : ConsumerConfig values: 
	allow.auto.create.topics = true
	auto.commit.interval.ms = 5000
	auto.offset.reset = earliest
	bootstrap.servers = [kafkaserver.hackfse.argupta.xyz:9092]
	check.crcs = true
	client.dns.lookup = use_all_dns_ips
	client.id = consumer-group_id-1
	client.rack = 
	connections.max.idle.ms = 540000
	default.api.timeout.ms = 60000
	enable.auto.commit = false
	exclude.internal.topics = true
	fetch.max.bytes = 52428800
	fetch.max.wait.ms = 500
	fetch.min.bytes = 1
	group.id = group_id
	group.instance.id = null
	heartbeat.interval.ms = 3000
	interceptor.classes = []
	internal.leave.group.on.close = true
	internal.throw.on.fetch.stable.offset.unsupported = false
	isolation.level = read_uncommitted
	key.deserializer = class org.apache.kafka.common.serialization.StringDeserializer
	max.partition.fetch.bytes = 1048576
	max.poll.interval.ms = 300000
	max.poll.records = 500
	metadata.max.age.ms = 300000
	metric.reporters = []
	metrics.num.samples = 2
	metrics.recording.level = INFO
	metrics.sample.window.ms = 30000
	partition.assignment.strategy = [class org.apache.kafka.clients.consumer.RangeAssignor]
	receive.buffer.bytes = 65536
	reconnect.backoff.max.ms = 1000
	reconnect.backoff.ms = 50
	request.timeout.ms = 30000
	retry.backoff.ms = 100
	sasl.client.callback.handler.class = null
	sasl.jaas.config = null
	sasl.kerberos.kinit.cmd = /usr/bin/kinit
	sasl.kerberos.min.time.before.relogin = 60000
	sasl.kerberos.service.name = null
	sasl.kerberos.ticket.renew.jitter = 0.05
	sasl.kerberos.ticket.renew.window.factor = 0.8
	sasl.login.callback.handler.class = null
	sasl.login.class = null
	sasl.login.refresh.buffer.seconds = 300
	sasl.login.refresh.min.period.seconds = 60
	sasl.login.refresh.window.factor = 0.8
	sasl.login.refresh.window.jitter = 0.05
	sasl.mechanism = GSSAPI
	security.protocol = PLAINTEXT
	security.providers = null
	send.buffer.bytes = 131072
	session.timeout.ms = 10000
	ssl.cipher.suites = null
	ssl.enabled.protocols = [TLSv1.2]
	ssl.endpoint.identification.algorithm = https
	ssl.engine.factory.class = null
	ssl.key.password = null
	ssl.keymanager.algorithm = SunX509
	ssl.keystore.location = null
	ssl.keystore.password = null
	ssl.keystore.type = JKS
	ssl.protocol = TLSv1.2
	ssl.provider = null
	ssl.secure.random.implementation = null
	ssl.trustmanager.algorithm = PKIX
	ssl.truststore.location = null
	ssl.truststore.password = null
	ssl.truststore.type = JKS
	value.deserializer = class org.apache.kafka.common.serialization.StringDeserializer

2022-09-21 13:13:05.700  INFO 15180 --- [restartedMain] o.a.kafka.common.utils.AppInfoParser     : Kafka version: 2.6.0
2022-09-21 13:13:05.706  INFO 15180 --- [restartedMain] o.a.kafka.common.utils.AppInfoParser     : Kafka commitId: 62abe01bee039651
2022-09-21 13:13:05.707  INFO 15180 --- [restartedMain] o.a.kafka.common.utils.AppInfoParser     : Kafka startTimeMs: 1663746185693
2022-09-21 13:13:05.978  INFO 15180 --- [restartedMain] o.a.k.clients.consumer.KafkaConsumer     : [Consumer clientId=consumer-group_id-1, groupId=group_id] Subscribed to topic(s): TweetMessage
2022-09-21 13:13:06.059  INFO 15180 --- [restartedMain] o.s.s.c.ThreadPoolTaskScheduler          : Initializing ExecutorService
2022-09-21 13:13:06.234  INFO 15180 --- [restartedMain] o.s.b.w.embedded.tomcat.TomcatWebServer  : Tomcat started on port(s): 8090 (http) with context path ''
2022-09-21 13:13:06.268  INFO 15180 --- [restartedMain] d.s.w.p.DocumentationPluginsBootstrapper : Context refreshed
2022-09-21 13:13:06.501  INFO 15180 --- [restartedMain] d.s.w.p.DocumentationPluginsBootstrapper : Found 1 custom documentation plugin(s)
2022-09-21 13:13:06.633  INFO 15180 --- [restartedMain] s.d.s.w.s.ApiListingReferenceScanner     : Scanning for api listing references
2022-09-21 13:13:08.807  INFO 15180 --- [restartedMain] .d.s.w.r.o.CachingOperationNameGenerator : Generating unique operation named: handleUsingGET_1
2022-09-21 13:13:08.830  INFO 15180 --- [restartedMain] .d.s.w.r.o.CachingOperationNameGenerator : Generating unique operation named: handleUsingGET_2
2022-09-21 13:13:08.860  INFO 15180 --- [restartedMain] .d.s.w.r.o.CachingOperationNameGenerator : Generating unique operation named: handleUsingDELETE_1
2022-09-21 13:13:08.883  INFO 15180 --- [restartedMain] .d.s.w.r.o.CachingOperationNameGenerator : Generating unique operation named: handleUsingGET_3
2022-09-21 13:13:08.907  INFO 15180 --- [restartedMain] .d.s.w.r.o.CachingOperationNameGenerator : Generating unique operation named: handleUsingGET_4
2022-09-21 13:13:08.925  INFO 15180 --- [restartedMain] .d.s.w.r.o.CachingOperationNameGenerator : Generating unique operation named: handleUsingGET_5
2022-09-21 13:13:08.947  INFO 15180 --- [restartedMain] .d.s.w.r.o.CachingOperationNameGenerator : Generating unique operation named: handleUsingGET_6
2022-09-21 13:13:08.969  INFO 15180 --- [restartedMain] .d.s.w.r.o.CachingOperationNameGenerator : Generating unique operation named: handleUsingGET_7
2022-09-21 13:13:08.999  INFO 15180 --- [restartedMain] .d.s.w.r.o.CachingOperationNameGenerator : Generating unique operation named: handleUsingGET_8
2022-09-21 13:13:09.205  INFO 15180 --- [restartedMain] .d.s.w.r.o.CachingOperationNameGenerator : Generating unique operation named: handleUsingGET_9
2022-09-21 13:13:09.231  INFO 15180 --- [restartedMain] .d.s.w.r.o.CachingOperationNameGenerator : Generating unique operation named: handleUsingGET_10
2022-09-21 13:13:09.265  INFO 15180 --- [restartedMain] .d.s.w.r.o.CachingOperationNameGenerator : Generating unique operation named: handleUsingGET_11
2022-09-21 13:13:09.329  INFO 15180 --- [restartedMain] .d.s.w.r.o.CachingOperationNameGenerator : Generating unique operation named: handleUsingGET_12
2022-09-21 13:13:09.360  INFO 15180 --- [restartedMain] .d.s.w.r.o.CachingOperationNameGenerator : Generating unique operation named: handleUsingGET_13
2022-09-21 13:13:09.400  INFO 15180 --- [restartedMain] .d.s.w.r.o.CachingOperationNameGenerator : Generating unique operation named: handleUsingGET_14
2022-09-21 13:13:09.601  INFO 15180 --- [restartedMain] .d.s.w.r.o.CachingOperationNameGenerator : Generating unique operation named: handleUsingGET_15
2022-09-21 13:13:09.635  INFO 15180 --- [restartedMain] .d.s.w.r.o.CachingOperationNameGenerator : Generating unique operation named: handleUsingGET_16
2022-09-21 13:13:09.681  INFO 15180 --- [restartedMain] .d.s.w.r.o.CachingOperationNameGenerator : Generating unique operation named: handleUsingGET_17
2022-09-21 13:13:09.735  INFO 15180 --- [restartedMain] .d.s.w.r.o.CachingOperationNameGenerator : Generating unique operation named: handleUsingGET_18
2022-09-21 13:13:09.776  INFO 15180 --- [restartedMain] .d.s.w.r.o.CachingOperationNameGenerator : Generating unique operation named: handleUsingGET_19
2022-09-21 13:13:10.213  INFO 15180 --- [restartedMain] .d.s.w.r.o.CachingOperationNameGenerator : Generating unique operation named: handleUsingGET_20
2022-09-21 13:13:11.494  INFO 15180 --- [restartedMain] com.tweetapp.api.TweetApplication        : Started TweetApplication in 46.374 seconds (JVM running for 53.861)
2022-09-21 13:13:11.819  INFO 15180 --- [org.springframework.kafka.KafkaListenerEndpointContainer#0-0-C-1] org.apache.kafka.clients.Metadata        : [Consumer clientId=consumer-group_id-1, groupId=group_id] Cluster ID: I_Inc9F9TC2R6POvtI47_w
2022-09-21 13:13:12.979  INFO 15180 --- [org.springframework.kafka.KafkaListenerEndpointContainer#0-0-C-1] o.a.k.c.c.internals.AbstractCoordinator  : [Consumer clientId=consumer-group_id-1, groupId=group_id] Discovered group coordinator ec2-35-174-156-135.compute-1.amazonaws.com:9092 (id: 2147483647 rack: null)
2022-09-21 13:13:12.990  INFO 15180 --- [org.springframework.kafka.KafkaListenerEndpointContainer#0-0-C-1] o.a.k.c.c.internals.AbstractCoordinator  : [Consumer clientId=consumer-group_id-1, groupId=group_id] (Re-)joining group
2022-09-21 13:13:13.876  INFO 15180 --- [org.springframework.kafka.KafkaListenerEndpointContainer#0-0-C-1] o.a.k.c.c.internals.AbstractCoordinator  : [Consumer clientId=consumer-group_id-1, groupId=group_id] Join group failed with org.apache.kafka.common.errors.MemberIdRequiredException: The group member needs to have a valid member id before actually entering a consumer group.
2022-09-21 13:13:13.880  INFO 15180 --- [org.springframework.kafka.KafkaListenerEndpointContainer#0-0-C-1] o.a.k.c.c.internals.AbstractCoordinator  : [Consumer clientId=consumer-group_id-1, groupId=group_id] (Re-)joining group
2022-09-21 13:13:14.186  INFO 15180 --- [org.springframework.kafka.KafkaListenerEndpointContainer#0-0-C-1] o.a.k.c.c.internals.ConsumerCoordinator  : [Consumer clientId=consumer-group_id-1, groupId=group_id] Finished assignment for group at generation 1: {consumer-group_id-1-a766ae9c-7b9d-4dbf-a3b8-98c756577977=Assignment(partitions=[TweetMessage-0, TweetMessage-1, TweetMessage-2])}
2022-09-21 13:13:14.580  INFO 15180 --- [org.springframework.kafka.KafkaListenerEndpointContainer#0-0-C-1] o.a.k.c.c.internals.AbstractCoordinator  : [Consumer clientId=consumer-group_id-1, groupId=group_id] Successfully joined group with generation 1
2022-09-21 13:13:14.589  INFO 15180 --- [org.springframework.kafka.KafkaListenerEndpointContainer#0-0-C-1] o.a.k.c.c.internals.ConsumerCoordinator  : [Consumer clientId=consumer-group_id-1, groupId=group_id] Notifying assignor about the new Assignment(partitions=[TweetMessage-0, TweetMessage-1, TweetMessage-2])
2022-09-21 13:13:14.608  INFO 15180 --- [org.springframework.kafka.KafkaListenerEndpointContainer#0-0-C-1] o.a.k.c.c.internals.ConsumerCoordinator  : [Consumer clientId=consumer-group_id-1, groupId=group_id] Adding newly assigned partitions: TweetMessage-1, TweetMessage-0, TweetMessage-2
2022-09-21 13:13:14.974  INFO 15180 --- [org.springframework.kafka.KafkaListenerEndpointContainer#0-0-C-1] o.a.k.c.c.internals.ConsumerCoordinator  : [Consumer clientId=consumer-group_id-1, groupId=group_id] Found no committed offset for partition TweetMessage-1
2022-09-21 13:13:14.976  INFO 15180 --- [org.springframework.kafka.KafkaListenerEndpointContainer#0-0-C-1] o.a.k.c.c.internals.ConsumerCoordinator  : [Consumer clientId=consumer-group_id-1, groupId=group_id] Found no committed offset for partition TweetMessage-0
2022-09-21 13:13:14.977  INFO 15180 --- [org.springframework.kafka.KafkaListenerEndpointContainer#0-0-C-1] o.a.k.c.c.internals.ConsumerCoordinator  : [Consumer clientId=consumer-group_id-1, groupId=group_id] Found no committed offset for partition TweetMessage-2
2022-09-21 13:13:15.328  INFO 15180 --- [org.springframework.kafka.KafkaListenerEndpointContainer#0-0-C-1] o.a.k.c.c.internals.SubscriptionState    : [Consumer clientId=consumer-group_id-1, groupId=group_id] Resetting offset for partition TweetMessage-1 to offset 0.
2022-09-21 13:13:15.332  INFO 15180 --- [org.springframework.kafka.KafkaListenerEndpointContainer#0-0-C-1] o.a.k.c.c.internals.SubscriptionState    : [Consumer clientId=consumer-group_id-1, groupId=group_id] Resetting offset for partition TweetMessage-0 to offset 0.
2022-09-21 13:13:15.332  INFO 15180 --- [org.springframework.kafka.KafkaListenerEndpointContainer#0-0-C-1] o.a.k.c.c.internals.SubscriptionState    : [Consumer clientId=consumer-group_id-1, groupId=group_id] Resetting offset for partition TweetMessage-2 to offset 0.
2022-09-21 13:13:15.335  INFO 15180 --- [org.springframework.kafka.KafkaListenerEndpointContainer#0-0-C-1] o.s.k.l.KafkaMessageListenerContainer    : group_id: partitions assigned: [TweetMessage-1, TweetMessage-0, TweetMessage-2]
2022-09-21 13:25:57.217  INFO 9840 --- [restartedMain] com.tweetapp.api.TweetApplication        : Starting TweetApplication using Java 1.8.0_161 on DESKTOP-QJPS5D7 with PID 9840 (C:\Users\Hp\Downloads\TweetApp-Backend-main\TweetApp-Backend-main\target\classes started by Hp in C:\Users\Hp\Downloads\TweetApp-Backend-main\TweetApp-Backend-main)
2022-09-21 13:25:57.243 DEBUG 9840 --- [restartedMain] com.tweetapp.api.TweetApplication        : Running with Spring Boot v2.4.5, Spring v5.3.6
2022-09-21 13:25:57.244  INFO 9840 --- [restartedMain] com.tweetapp.api.TweetApplication        : The following profiles are active: prod
2022-09-21 13:25:57.918  INFO 9840 --- [restartedMain] .e.DevToolsPropertyDefaultsPostProcessor : Devtools property defaults active! Set 'spring.devtools.add-properties' to 'false' to disable
2022-09-21 13:25:58.018  INFO 9840 --- [restartedMain] .e.DevToolsPropertyDefaultsPostProcessor : For additional web related logging consider setting the 'logging.level.web' property to 'DEBUG'
2022-09-21 13:26:06.331  INFO 9840 --- [restartedMain] .s.d.r.c.RepositoryConfigurationDelegate : Bootstrapping Spring Data MongoDB repositories in DEFAULT mode.
2022-09-21 13:26:06.695  INFO 9840 --- [restartedMain] .s.d.r.c.RepositoryConfigurationDelegate : Finished Spring Data repository scanning in 340 ms. Found 2 MongoDB repository interfaces.
2022-09-21 13:26:10.914  INFO 9840 --- [restartedMain] o.s.b.w.embedded.tomcat.TomcatWebServer  : Tomcat initialized with port(s): 8090 (http)
2022-09-21 13:26:10.970  INFO 9840 --- [restartedMain] o.apache.catalina.core.StandardService   : Starting service [Tomcat]
2022-09-21 13:26:10.972  INFO 9840 --- [restartedMain] org.apache.catalina.core.StandardEngine  : Starting Servlet engine: [Apache Tomcat/9.0.45]
2022-09-21 13:26:11.770  INFO 9840 --- [restartedMain] o.a.c.c.C.[Tomcat].[localhost].[/]       : Initializing Spring embedded WebApplicationContext
2022-09-21 13:26:11.771  INFO 9840 --- [restartedMain] w.s.c.ServletWebServerApplicationContext : Root WebApplicationContext: initialization completed in 13749 ms
2022-09-21 13:26:13.126 DEBUG 9840 --- [restartedMain] TFilter$$EnhancerBySpringCGLIB$$1b5f8bd1 : Filter 'JWTFilter' configured for use
2022-09-21 13:26:14.223  INFO 9840 --- [restartedMain] org.mongodb.driver.cluster               : Cluster created with settings {hosts=[hackfse-tweetapp.mongo.cosmos.azure.com:10255], mode=MULTIPLE, requiredClusterType=REPLICA_SET, serverSelectionTimeout='30000 ms', requiredReplicaSetName='globaldb'}
2022-09-21 13:26:14.225  INFO 9840 --- [restartedMain] org.mongodb.driver.cluster               : Adding discovered server hackfse-tweetapp.mongo.cosmos.azure.com:10255 to client view of cluster
2022-09-21 13:26:15.651  INFO 9840 --- [restartedMain] o.s.b.d.a.OptionalLiveReloadServer       : LiveReload server is running on port 35729
2022-09-21 13:26:20.784  INFO 9840 --- [cluster-rtt-ClusterId{value='632ac39ec73d5a68090dcad0', description='null'}-hackfse-tweetapp.mongo.cosmos.azure.com:10255] org.mongodb.driver.connection            : Opened connection [connectionId{localValue:1, serverValue:1953916752}] to hackfse-tweetapp.mongo.cosmos.azure.com:10255
2022-09-21 13:26:20.784  INFO 9840 --- [cluster-ClusterId{value='632ac39ec73d5a68090dcad0', description='null'}-hackfse-tweetapp.mongo.cosmos.azure.com:10255] org.mongodb.driver.connection            : Opened connection [connectionId{localValue:2, serverValue:1905271140}] to hackfse-tweetapp.mongo.cosmos.azure.com:10255
2022-09-21 13:26:20.792  INFO 9840 --- [cluster-ClusterId{value='632ac39ec73d5a68090dcad0', description='null'}-hackfse-tweetapp.mongo.cosmos.azure.com:10255] org.mongodb.driver.cluster               : Monitor thread successfully connected to server with description ServerDescription{address=hackfse-tweetapp.mongo.cosmos.azure.com:10255, type=REPLICA_SET_PRIMARY, state=CONNECTED, ok=true, minWireVersion=0, maxWireVersion=7, maxDocumentSize=16777216, logicalSessionTimeoutMinutes=30, roundTripTimeNanos=1409917200, setName='globaldb', canonicalAddress=hackfse-tweetapp-centralus.mongo.cosmos.azure.com:10255, hosts=[hackfse-tweetapp-centralus.mongo.cosmos.azure.com:10255], passives=[], arbiters=[], primary='hackfse-tweetapp-centralus.mongo.cosmos.azure.com:10255', tagSet=TagSet{[Tag{name='region', value='Central US'}]}, electionId=null, setVersion=1, topologyVersion=null, lastWriteDate=null, lastUpdateTimeNanos=76909068159700}
2022-09-21 13:26:20.804  INFO 9840 --- [cluster-ClusterId{value='632ac39ec73d5a68090dcad0', description='null'}-hackfse-tweetapp.mongo.cosmos.azure.com:10255] org.mongodb.driver.cluster               : Adding discovered server hackfse-tweetapp-centralus.mongo.cosmos.azure.com:10255 to client view of cluster
2022-09-21 13:26:20.815  INFO 9840 --- [cluster-ClusterId{value='632ac39ec73d5a68090dcad0', description='null'}-hackfse-tweetapp.mongo.cosmos.azure.com:10255] org.mongodb.driver.cluster               : Server hackfse-tweetapp.mongo.cosmos.azure.com:10255 is no longer a member of the replica set.  Removing from client view of cluster.
2022-09-21 13:26:20.840  INFO 9840 --- [cluster-ClusterId{value='632ac39ec73d5a68090dcad0', description='null'}-hackfse-tweetapp.mongo.cosmos.azure.com:10255] org.mongodb.driver.cluster               : Setting max set version to 1 from replica set primary hackfse-tweetapp.mongo.cosmos.azure.com:10255
2022-09-21 13:26:20.841  INFO 9840 --- [cluster-ClusterId{value='632ac39ec73d5a68090dcad0', description='null'}-hackfse-tweetapp.mongo.cosmos.azure.com:10255] org.mongodb.driver.cluster               : Discovered replica set primary hackfse-tweetapp.mongo.cosmos.azure.com:10255
2022-09-21 13:26:22.273  INFO 9840 --- [cluster-rtt-ClusterId{value='632ac39ec73d5a68090dcad0', description='null'}-hackfse-tweetapp-centralus.mongo.cosmos.azure.com:10255] org.mongodb.driver.connection            : Opened connection [connectionId{localValue:3, serverValue:363209731}] to hackfse-tweetapp-centralus.mongo.cosmos.azure.com:10255
2022-09-21 13:26:22.304  INFO 9840 --- [cluster-ClusterId{value='632ac39ec73d5a68090dcad0', description='null'}-hackfse-tweetapp-centralus.mongo.cosmos.azure.com:10255] org.mongodb.driver.connection            : Opened connection [connectionId{localValue:4, serverValue:645242241}] to hackfse-tweetapp-centralus.mongo.cosmos.azure.com:10255
2022-09-21 13:26:22.306  INFO 9840 --- [cluster-ClusterId{value='632ac39ec73d5a68090dcad0', description='null'}-hackfse-tweetapp-centralus.mongo.cosmos.azure.com:10255] org.mongodb.driver.cluster               : Monitor thread successfully connected to server with description ServerDescription{address=hackfse-tweetapp-centralus.mongo.cosmos.azure.com:10255, type=REPLICA_SET_PRIMARY, state=CONNECTED, ok=true, minWireVersion=0, maxWireVersion=7, maxDocumentSize=16777216, logicalSessionTimeoutMinutes=30, roundTripTimeNanos=1055964500, setName='globaldb', canonicalAddress=hackfse-tweetapp-centralus.mongo.cosmos.azure.com:10255, hosts=[hackfse-tweetapp-centralus.mongo.cosmos.azure.com:10255], passives=[], arbiters=[], primary='hackfse-tweetapp-centralus.mongo.cosmos.azure.com:10255', tagSet=TagSet{[Tag{name='region', value='Central US'}]}, electionId=null, setVersion=1, topologyVersion=null, lastWriteDate=null, lastUpdateTimeNanos=76910630344500}
2022-09-21 13:26:22.308  INFO 9840 --- [cluster-ClusterId{value='632ac39ec73d5a68090dcad0', description='null'}-hackfse-tweetapp-centralus.mongo.cosmos.azure.com:10255] org.mongodb.driver.cluster               : Discovered replica set primary hackfse-tweetapp-centralus.mongo.cosmos.azure.com:10255
2022-09-21 13:26:22.622  INFO 9840 --- [restartedMain] o.s.b.a.e.web.EndpointLinksResolver      : Exposing 15 endpoint(s) beneath base path '/actuator'
2022-09-21 13:26:23.915  INFO 9840 --- [restartedMain] o.s.s.concurrent.ThreadPoolTaskExecutor  : Initializing ExecutorService 'applicationTaskExecutor'
2022-09-21 13:26:25.913  INFO 9840 --- [restartedMain] o.a.k.clients.consumer.ConsumerConfig    : ConsumerConfig values: 
	allow.auto.create.topics = true
	auto.commit.interval.ms = 5000
	auto.offset.reset = earliest
	bootstrap.servers = [kafkaserver.hackfse.argupta.xyz:9092]
	check.crcs = true
	client.dns.lookup = use_all_dns_ips
	client.id = consumer-group_id-1
	client.rack = 
	connections.max.idle.ms = 540000
	default.api.timeout.ms = 60000
	enable.auto.commit = false
	exclude.internal.topics = true
	fetch.max.bytes = 52428800
	fetch.max.wait.ms = 500
	fetch.min.bytes = 1
	group.id = group_id
	group.instance.id = null
	heartbeat.interval.ms = 3000
	interceptor.classes = []
	internal.leave.group.on.close = true
	internal.throw.on.fetch.stable.offset.unsupported = false
	isolation.level = read_uncommitted
	key.deserializer = class org.apache.kafka.common.serialization.StringDeserializer
	max.partition.fetch.bytes = 1048576
	max.poll.interval.ms = 300000
	max.poll.records = 500
	metadata.max.age.ms = 300000
	metric.reporters = []
	metrics.num.samples = 2
	metrics.recording.level = INFO
	metrics.sample.window.ms = 30000
	partition.assignment.strategy = [class org.apache.kafka.clients.consumer.RangeAssignor]
	receive.buffer.bytes = 65536
	reconnect.backoff.max.ms = 1000
	reconnect.backoff.ms = 50
	request.timeout.ms = 30000
	retry.backoff.ms = 100
	sasl.client.callback.handler.class = null
	sasl.jaas.config = null
	sasl.kerberos.kinit.cmd = /usr/bin/kinit
	sasl.kerberos.min.time.before.relogin = 60000
	sasl.kerberos.service.name = null
	sasl.kerberos.ticket.renew.jitter = 0.05
	sasl.kerberos.ticket.renew.window.factor = 0.8
	sasl.login.callback.handler.class = null
	sasl.login.class = null
	sasl.login.refresh.buffer.seconds = 300
	sasl.login.refresh.min.period.seconds = 60
	sasl.login.refresh.window.factor = 0.8
	sasl.login.refresh.window.jitter = 0.05
	sasl.mechanism = GSSAPI
	security.protocol = PLAINTEXT
	security.providers = null
	send.buffer.bytes = 131072
	session.timeout.ms = 10000
	ssl.cipher.suites = null
	ssl.enabled.protocols = [TLSv1.2]
	ssl.endpoint.identification.algorithm = https
	ssl.engine.factory.class = null
	ssl.key.password = null
	ssl.keymanager.algorithm = SunX509
	ssl.keystore.location = null
	ssl.keystore.password = null
	ssl.keystore.type = JKS
	ssl.protocol = TLSv1.2
	ssl.provider = null
	ssl.secure.random.implementation = null
	ssl.trustmanager.algorithm = PKIX
	ssl.truststore.location = null
	ssl.truststore.password = null
	ssl.truststore.type = JKS
	value.deserializer = class org.apache.kafka.common.serialization.StringDeserializer

2022-09-21 13:26:26.857  INFO 9840 --- [restartedMain] o.a.kafka.common.utils.AppInfoParser     : Kafka version: 2.6.0
2022-09-21 13:26:26.865  INFO 9840 --- [restartedMain] o.a.kafka.common.utils.AppInfoParser     : Kafka commitId: 62abe01bee039651
2022-09-21 13:26:26.867  INFO 9840 --- [restartedMain] o.a.kafka.common.utils.AppInfoParser     : Kafka startTimeMs: 1663746986844
2022-09-21 13:26:27.193  INFO 9840 --- [restartedMain] o.a.k.clients.consumer.KafkaConsumer     : [Consumer clientId=consumer-group_id-1, groupId=group_id] Subscribed to topic(s): TweetMessage
2022-09-21 13:26:27.224  INFO 9840 --- [restartedMain] o.s.s.c.ThreadPoolTaskScheduler          : Initializing ExecutorService
2022-09-21 13:26:27.342  INFO 9840 --- [restartedMain] o.s.b.w.embedded.tomcat.TomcatWebServer  : Tomcat started on port(s): 8090 (http) with context path ''
2022-09-21 13:26:27.360  INFO 9840 --- [restartedMain] d.s.w.p.DocumentationPluginsBootstrapper : Context refreshed
2022-09-21 13:26:27.654  INFO 9840 --- [restartedMain] d.s.w.p.DocumentationPluginsBootstrapper : Found 1 custom documentation plugin(s)
2022-09-21 13:26:27.729  INFO 9840 --- [restartedMain] s.d.s.w.s.ApiListingReferenceScanner     : Scanning for api listing references
2022-09-21 13:26:29.619  INFO 9840 --- [restartedMain] .d.s.w.r.o.CachingOperationNameGenerator : Generating unique operation named: handleUsingGET_1
2022-09-21 13:26:29.663  INFO 9840 --- [restartedMain] .d.s.w.r.o.CachingOperationNameGenerator : Generating unique operation named: handleUsingGET_2
2022-09-21 13:26:29.691  INFO 9840 --- [restartedMain] .d.s.w.r.o.CachingOperationNameGenerator : Generating unique operation named: handleUsingDELETE_1
2022-09-21 13:26:29.722  INFO 9840 --- [restartedMain] .d.s.w.r.o.CachingOperationNameGenerator : Generating unique operation named: handleUsingGET_3
2022-09-21 13:26:29.740  INFO 9840 --- [restartedMain] .d.s.w.r.o.CachingOperationNameGenerator : Generating unique operation named: handleUsingGET_4
2022-09-21 13:26:29.759  INFO 9840 --- [restartedMain] .d.s.w.r.o.CachingOperationNameGenerator : Generating unique operation named: handleUsingGET_5
2022-09-21 13:26:29.773  INFO 9840 --- [restartedMain] .d.s.w.r.o.CachingOperationNameGenerator : Generating unique operation named: handleUsingGET_6
2022-09-21 13:26:29.791  INFO 9840 --- [restartedMain] .d.s.w.r.o.CachingOperationNameGenerator : Generating unique operation named: handleUsingGET_7
2022-09-21 13:26:29.808  INFO 9840 --- [restartedMain] .d.s.w.r.o.CachingOperationNameGenerator : Generating unique operation named: handleUsingGET_8
2022-09-21 13:26:29.825  INFO 9840 --- [restartedMain] .d.s.w.r.o.CachingOperationNameGenerator : Generating unique operation named: handleUsingGET_9
2022-09-21 13:26:29.856  INFO 9840 --- [restartedMain] .d.s.w.r.o.CachingOperationNameGenerator : Generating unique operation named: handleUsingGET_10
2022-09-21 13:26:29.904  INFO 9840 --- [restartedMain] .d.s.w.r.o.CachingOperationNameGenerator : Generating unique operation named: handleUsingGET_11
2022-09-21 13:26:29.984  INFO 9840 --- [restartedMain] .d.s.w.r.o.CachingOperationNameGenerator : Generating unique operation named: handleUsingGET_12
2022-09-21 13:26:30.068  INFO 9840 --- [restartedMain] .d.s.w.r.o.CachingOperationNameGenerator : Generating unique operation named: handleUsingGET_13
2022-09-21 13:26:30.122  INFO 9840 --- [restartedMain] .d.s.w.r.o.CachingOperationNameGenerator : Generating unique operation named: handleUsingGET_14
2022-09-21 13:26:30.179  INFO 9840 --- [restartedMain] .d.s.w.r.o.CachingOperationNameGenerator : Generating unique operation named: handleUsingGET_15
2022-09-21 13:26:30.199  INFO 9840 --- [restartedMain] .d.s.w.r.o.CachingOperationNameGenerator : Generating unique operation named: handleUsingGET_16
2022-09-21 13:26:30.218  INFO 9840 --- [restartedMain] .d.s.w.r.o.CachingOperationNameGenerator : Generating unique operation named: handleUsingGET_17
2022-09-21 13:26:30.234  INFO 9840 --- [restartedMain] .d.s.w.r.o.CachingOperationNameGenerator : Generating unique operation named: handleUsingGET_18
2022-09-21 13:26:30.248  INFO 9840 --- [restartedMain] .d.s.w.r.o.CachingOperationNameGenerator : Generating unique operation named: handleUsingGET_19
2022-09-21 13:26:30.532  INFO 9840 --- [restartedMain] .d.s.w.r.o.CachingOperationNameGenerator : Generating unique operation named: handleUsingGET_20
2022-09-21 13:26:31.982  INFO 9840 --- [org.springframework.kafka.KafkaListenerEndpointContainer#0-0-C-1] org.apache.kafka.clients.Metadata        : [Consumer clientId=consumer-group_id-1, groupId=group_id] Cluster ID: I_Inc9F9TC2R6POvtI47_w
2022-09-21 13:26:31.989  INFO 9840 --- [org.springframework.kafka.KafkaListenerEndpointContainer#0-0-C-1] o.a.k.c.c.internals.AbstractCoordinator  : [Consumer clientId=consumer-group_id-1, groupId=group_id] Discovered group coordinator kafkaserver.hackfse.argupta.xyz:9092 (id: 2147483647 rack: null)
2022-09-21 13:26:32.028  INFO 9840 --- [org.springframework.kafka.KafkaListenerEndpointContainer#0-0-C-1] o.a.k.c.c.internals.AbstractCoordinator  : [Consumer clientId=consumer-group_id-1, groupId=group_id] (Re-)joining group
2022-09-21 13:26:32.289  INFO 9840 --- [restartedMain] com.tweetapp.api.TweetApplication        : Started TweetApplication in 38.703 seconds (JVM running for 41.868)
2022-09-21 13:26:32.754  INFO 9840 --- [org.springframework.kafka.KafkaListenerEndpointContainer#0-0-C-1] o.a.k.c.c.internals.AbstractCoordinator  : [Consumer clientId=consumer-group_id-1, groupId=group_id] Join group failed with org.apache.kafka.common.errors.MemberIdRequiredException: The group member needs to have a valid member id before actually entering a consumer group.
2022-09-21 13:26:32.756  INFO 9840 --- [org.springframework.kafka.KafkaListenerEndpointContainer#0-0-C-1] o.a.k.c.c.internals.AbstractCoordinator  : [Consumer clientId=consumer-group_id-1, groupId=group_id] (Re-)joining group
2022-09-21 13:26:33.035  INFO 9840 --- [org.springframework.kafka.KafkaListenerEndpointContainer#0-0-C-1] o.a.k.c.c.internals.ConsumerCoordinator  : [Consumer clientId=consumer-group_id-1, groupId=group_id] Finished assignment for group at generation 1: {consumer-group_id-1-0be8efa0-08b9-433a-b433-5e69a47ba834=Assignment(partitions=[TweetMessage-0, TweetMessage-1, TweetMessage-2])}
2022-09-21 13:26:33.376  INFO 9840 --- [org.springframework.kafka.KafkaListenerEndpointContainer#0-0-C-1] o.a.k.c.c.internals.AbstractCoordinator  : [Consumer clientId=consumer-group_id-1, groupId=group_id] Successfully joined group with generation 1
2022-09-21 13:26:33.381  INFO 9840 --- [org.springframework.kafka.KafkaListenerEndpointContainer#0-0-C-1] o.a.k.c.c.internals.ConsumerCoordinator  : [Consumer clientId=consumer-group_id-1, groupId=group_id] Notifying assignor about the new Assignment(partitions=[TweetMessage-0, TweetMessage-1, TweetMessage-2])
2022-09-21 13:26:33.401  INFO 9840 --- [org.springframework.kafka.KafkaListenerEndpointContainer#0-0-C-1] o.a.k.c.c.internals.ConsumerCoordinator  : [Consumer clientId=consumer-group_id-1, groupId=group_id] Adding newly assigned partitions: TweetMessage-1, TweetMessage-0, TweetMessage-2
2022-09-21 13:26:33.684  INFO 9840 --- [org.springframework.kafka.KafkaListenerEndpointContainer#0-0-C-1] o.a.k.c.c.internals.ConsumerCoordinator  : [Consumer clientId=consumer-group_id-1, groupId=group_id] Found no committed offset for partition TweetMessage-1
2022-09-21 13:26:33.685  INFO 9840 --- [org.springframework.kafka.KafkaListenerEndpointContainer#0-0-C-1] o.a.k.c.c.internals.ConsumerCoordinator  : [Consumer clientId=consumer-group_id-1, groupId=group_id] Found no committed offset for partition TweetMessage-0
2022-09-21 13:26:33.687  INFO 9840 --- [org.springframework.kafka.KafkaListenerEndpointContainer#0-0-C-1] o.a.k.c.c.internals.ConsumerCoordinator  : [Consumer clientId=consumer-group_id-1, groupId=group_id] Found no committed offset for partition TweetMessage-2
2022-09-21 13:26:34.472  INFO 9840 --- [org.springframework.kafka.KafkaListenerEndpointContainer#0-0-C-1] o.a.k.c.c.internals.SubscriptionState    : [Consumer clientId=consumer-group_id-1, groupId=group_id] Resetting offset for partition TweetMessage-1 to offset 0.
2022-09-21 13:26:34.475  INFO 9840 --- [org.springframework.kafka.KafkaListenerEndpointContainer#0-0-C-1] o.a.k.c.c.internals.SubscriptionState    : [Consumer clientId=consumer-group_id-1, groupId=group_id] Resetting offset for partition TweetMessage-0 to offset 0.
2022-09-21 13:26:34.476  INFO 9840 --- [org.springframework.kafka.KafkaListenerEndpointContainer#0-0-C-1] o.a.k.c.c.internals.SubscriptionState    : [Consumer clientId=consumer-group_id-1, groupId=group_id] Resetting offset for partition TweetMessage-2 to offset 0.
2022-09-21 13:26:34.480  INFO 9840 --- [org.springframework.kafka.KafkaListenerEndpointContainer#0-0-C-1] o.s.k.l.KafkaMessageListenerContainer    : group_id: partitions assigned: [TweetMessage-1, TweetMessage-0, TweetMessage-2]
2022-09-21 13:32:20.922  INFO 9840 --- [http-nio-8090-exec-1] o.a.c.c.C.[Tomcat].[localhost].[/]       : Initializing Spring DispatcherServlet 'dispatcherServlet'
2022-09-21 13:32:20.924  INFO 9840 --- [http-nio-8090-exec-1] o.s.web.servlet.DispatcherServlet        : Initializing Servlet 'dispatcherServlet'
2022-09-21 13:32:20.932  INFO 9840 --- [http-nio-8090-exec-1] o.s.web.servlet.DispatcherServlet        : Completed initialization in 7 ms
2022-09-21 13:32:21.458  INFO 9840 --- [http-nio-8090-exec-2] c.t.api.controller.TweetAppController    : Retreive all the tweets by the all users
2022-09-21 13:32:21.523  INFO 9840 --- [http-nio-8090-exec-2] com.tweetapp.api.kafka.ProducerService   : Publishing to topic TweetMessage
2022-09-21 13:32:21.609  INFO 9840 --- [http-nio-8090-exec-2] o.a.k.clients.producer.ProducerConfig    : ProducerConfig values: 
	acks = 1
	batch.size = 16384
	bootstrap.servers = [kafkaserver.hackfse.argupta.xyz:9092]
	buffer.memory = 33554432
	client.dns.lookup = use_all_dns_ips
	client.id = producer-1
	compression.type = none
	connections.max.idle.ms = 540000
	delivery.timeout.ms = 120000
	enable.idempotence = false
	interceptor.classes = []
	internal.auto.downgrade.txn.commit = true
	key.serializer = class org.apache.kafka.common.serialization.StringSerializer
	linger.ms = 0
	max.block.ms = 60000
	max.in.flight.requests.per.connection = 5
	max.request.size = 1048576
	metadata.max.age.ms = 300000
	metadata.max.idle.ms = 300000
	metric.reporters = []
	metrics.num.samples = 2
	metrics.recording.level = INFO
	metrics.sample.window.ms = 30000
	partitioner.class = class org.apache.kafka.clients.producer.internals.DefaultPartitioner
	receive.buffer.bytes = 32768
	reconnect.backoff.max.ms = 1000
	reconnect.backoff.ms = 50
	request.timeout.ms = 30000
	retries = 2147483647
	retry.backoff.ms = 100
	sasl.client.callback.handler.class = null
	sasl.jaas.config = null
	sasl.kerberos.kinit.cmd = /usr/bin/kinit
	sasl.kerberos.min.time.before.relogin = 60000
	sasl.kerberos.service.name = null
	sasl.kerberos.ticket.renew.jitter = 0.05
	sasl.kerberos.ticket.renew.window.factor = 0.8
	sasl.login.callback.handler.class = null
	sasl.login.class = null
	sasl.login.refresh.buffer.seconds = 300
	sasl.login.refresh.min.period.seconds = 60
	sasl.login.refresh.window.factor = 0.8
	sasl.login.refresh.window.jitter = 0.05
	sasl.mechanism = GSSAPI
	security.protocol = PLAINTEXT
	security.providers = null
	send.buffer.bytes = 131072
	ssl.cipher.suites = null
	ssl.enabled.protocols = [TLSv1.2]
	ssl.endpoint.identification.algorithm = https
	ssl.engine.factory.class = null
	ssl.key.password = null
	ssl.keymanager.algorithm = SunX509
	ssl.keystore.location = null
	ssl.keystore.password = null
	ssl.keystore.type = JKS
	ssl.protocol = TLSv1.2
	ssl.provider = null
	ssl.secure.random.implementation = null
	ssl.trustmanager.algorithm = PKIX
	ssl.truststore.location = null
	ssl.truststore.password = null
	ssl.truststore.type = JKS
	transaction.timeout.ms = 60000
	transactional.id = null
	value.serializer = class org.apache.kafka.common.serialization.StringSerializer

2022-09-21 13:32:21.922  INFO 9840 --- [http-nio-8090-exec-2] o.a.kafka.common.utils.AppInfoParser     : Kafka version: 2.6.0
2022-09-21 13:32:21.925  INFO 9840 --- [http-nio-8090-exec-2] o.a.kafka.common.utils.AppInfoParser     : Kafka commitId: 62abe01bee039651
2022-09-21 13:32:21.926  INFO 9840 --- [http-nio-8090-exec-2] o.a.kafka.common.utils.AppInfoParser     : Kafka startTimeMs: 1663747341914
2022-09-21 13:32:22.654  INFO 9840 --- [kafka-producer-network-thread | producer-1] org.apache.kafka.clients.Metadata        : [Producer clientId=producer-1] Cluster ID: I_Inc9F9TC2R6POvtI47_w
2022-09-21 13:32:22.840  INFO 9840 --- [http-nio-8090-exec-2] c.tweetapp.api.service.TweetServiceImpl  : Retriving all the tweet data
2022-09-21 13:32:23.643  INFO 9840 --- [org.springframework.kafka.KafkaListenerEndpointContainer#0-0-C-1] com.tweetapp.api.kafka.ConsumerService   : Consumed message Received request to send all tweet data.
2022-09-21 13:32:23.644  INFO 9840 --- [org.springframework.kafka.KafkaListenerEndpointContainer#0-0-C-1] com.tweetapp.api.kafka.ConsumerService   : Consumed message: Received request to send all tweet data.
2022-09-21 13:32:25.899  INFO 9840 --- [http-nio-8090-exec-2] org.mongodb.driver.connection            : Opened connection [connectionId{localValue:5, serverValue:1863935287}] to hackfse-tweetapp-centralus.mongo.cosmos.azure.com:10255
2022-09-21 13:32:53.762  INFO 9840 --- [http-nio-8090-exec-4] c.t.api.controller.TweetAppController    : Tweet successfully posted by the user
2022-09-21 13:32:54.319  INFO 9840 --- [http-nio-8090-exec-4] com.tweetapp.api.kafka.ProducerService   : Publishing to topic TweetMessage
2022-09-21 13:32:54.327  INFO 9840 --- [http-nio-8090-exec-4] c.tweetapp.api.service.TweetServiceImpl  : Tweet posted by user: ashu
2022-09-21 13:32:54.578  INFO 9840 --- [org.springframework.kafka.KafkaListenerEndpointContainer#0-0-C-1] com.tweetapp.api.kafka.ConsumerService   : Consumed message Tweet posted by the user : ashu
2022-09-21 13:32:54.578  INFO 9840 --- [org.springframework.kafka.KafkaListenerEndpointContainer#0-0-C-1] com.tweetapp.api.kafka.ConsumerService   : Consumed message: Tweet posted by the user : ashu
2022-09-21 13:32:55.731  INFO 9840 --- [http-nio-8090-exec-6] c.t.api.controller.TweetAppController    : Retreive all the tweets by the all users
2022-09-21 13:32:55.732  INFO 9840 --- [http-nio-8090-exec-6] com.tweetapp.api.kafka.ProducerService   : Publishing to topic TweetMessage
2022-09-21 13:32:55.735  INFO 9840 --- [http-nio-8090-exec-6] c.tweetapp.api.service.TweetServiceImpl  : Retriving all the tweet data
2022-09-21 13:32:55.980  INFO 9840 --- [org.springframework.kafka.KafkaListenerEndpointContainer#0-0-C-1] com.tweetapp.api.kafka.ConsumerService   : Consumed message Received request to send all tweet data.
2022-09-21 13:32:55.982  INFO 9840 --- [org.springframework.kafka.KafkaListenerEndpointContainer#0-0-C-1] com.tweetapp.api.kafka.ConsumerService   : Consumed message: Received request to send all tweet data.
2022-09-21 13:33:03.153  INFO 9840 --- [http-nio-8090-exec-8] c.tweetapp.api.service.TweetServiceImpl  : Liked Tweet with Id: 632ac52fc73d5a68090dcad1 is Tweet [id=632ac52fc73d5a68090dcad1, tweet=new tweet, postDate=2022-09-21T13:32:54.502, likes=0, user=User [id=6329f94981a8dc5fa006e2bf, username=ashu, password=little27, email=ashu@qq.com, firstName=Ashutosh, lastName=Gupta, contactNumber=9155355533], replies=[]]
2022-09-21 13:33:03.511  INFO 9840 --- [http-nio-8090-exec-8] c.t.api.controller.TweetAppController    : Like a tweet 
2022-09-21 13:33:03.632  INFO 9840 --- [http-nio-8090-exec-10] c.t.api.controller.TweetAppController    : Retreive all the tweets by the all users
2022-09-21 13:33:03.634  INFO 9840 --- [http-nio-8090-exec-10] com.tweetapp.api.kafka.ProducerService   : Publishing to topic TweetMessage
2022-09-21 13:33:03.647  INFO 9840 --- [http-nio-8090-exec-10] c.tweetapp.api.service.TweetServiceImpl  : Retriving all the tweet data
2022-09-21 13:33:03.896  INFO 9840 --- [org.springframework.kafka.KafkaListenerEndpointContainer#0-0-C-1] com.tweetapp.api.kafka.ConsumerService   : Consumed message Received request to send all tweet data.
2022-09-21 13:33:03.897  INFO 9840 --- [org.springframework.kafka.KafkaListenerEndpointContainer#0-0-C-1] com.tweetapp.api.kafka.ConsumerService   : Consumed message: Received request to send all tweet data.
2022-09-21 13:35:20.833  INFO 9840 --- [MaintenanceTimer-2-thread-1] org.mongodb.driver.connection            : Closed connection [connectionId{localValue:5, serverValue:1863935287}] to hackfse-tweetapp-centralus.mongo.cosmos.azure.com:10255 because it is past its maximum allowed idle time.
